  Assembling Source.asm...
C:\Users\zubya_kexryyq\Downloads\Irvine\irvine\SmallWin.inc(10): error A2008: syntax error : .
C:\Users\zubya_kexryyq\Downloads\Irvine\irvine\SmallWin.inc(11): error A2008: syntax error : .
C:\Users\zubya_kexryyq\Downloads\Irvine\irvine\SmallWin.inc(12): error A2008: syntax error : .
C:\Users\zubya_kexryyq\Downloads\Irvine\irvine\SmallWin.inc(299): error A2008: syntax error : ,
C:\Users\zubya_kexryyq\Downloads\Irvine\irvine\SmallWin.inc(302): error A2008: syntax error : ,
C:\Users\zubya_kexryyq\Downloads\Irvine\irvine\SmallWin.inc(311): error A2008: syntax error : ,
C:\Users\zubya_kexryyq\Downloads\Irvine\irvine\SmallWin.inc(314): error A2008: syntax error : ,
C:\Users\zubya_kexryyq\Downloads\Irvine\irvine\SmallWin.inc(318): error A2008: syntax error : ,
C:\Users\zubya_kexryyq\Downloads\Irvine\irvine\SmallWin.inc(323): error A2008: syntax error : ,
C:\Users\zubya_kexryyq\Downloads\Irvine\irvine\SmallWin.inc(332): error A2008: syntax error : ,
C:\Users\zubya_kexryyq\Downloads\Irvine\irvine\SmallWin.inc(339): error A2008: syntax error : ,
C:\Users\zubya_kexryyq\Downloads\Irvine\irvine\SmallWin.inc(343): error A2008: syntax error : ,
C:\Users\zubya_kexryyq\Downloads\Irvine\irvine\SmallWin.inc(347): error A2008: syntax error : ,
C:\Users\zubya_kexryyq\Downloads\Irvine\irvine\SmallWin.inc(351): error A2008: syntax error : ,
C:\Users\zubya_kexryyq\Downloads\Irvine\irvine\SmallWin.inc(357): error A2008: syntax error : ,
C:\Users\zubya_kexryyq\Downloads\Irvine\irvine\SmallWin.inc(362): error A2008: syntax error : ,
C:\Users\zubya_kexryyq\Downloads\Irvine\irvine\SmallWin.inc(365): error A2008: syntax error : ,
C:\Users\zubya_kexryyq\Downloads\Irvine\irvine\SmallWin.inc(369): error A2008: syntax error : ,
C:\Users\zubya_kexryyq\Downloads\Irvine\irvine\SmallWin.inc(372): error A2008: syntax error : ,
C:\Users\zubya_kexryyq\Downloads\Irvine\irvine\SmallWin.inc(380): error A2008: syntax error : ,
C:\Users\zubya_kexryyq\Downloads\Irvine\irvine\SmallWin.inc(385): error A2008: syntax error : ,
C:\Users\zubya_kexryyq\Downloads\Irvine\irvine\SmallWin.inc(390): error A2008: syntax error : ,
C:\Users\zubya_kexryyq\Downloads\Irvine\irvine\SmallWin.inc(393): error A2008: syntax error : ,
C:\Users\zubya_kexryyq\Downloads\Irvine\irvine\SmallWin.inc(398): error A2008: syntax error : ,
C:\Users\zubya_kexryyq\Downloads\Irvine\irvine\SmallWin.inc(403): error A2008: syntax error : ,
C:\Users\zubya_kexryyq\Downloads\Irvine\irvine\SmallWin.inc(406): error A2008: syntax error : ,
C:\Users\zubya_kexryyq\Downloads\Irvine\irvine\SmallWin.inc(412): error A2008: syntax error : ,
C:\Users\zubya_kexryyq\Downloads\Irvine\irvine\SmallWin.inc(418): error A2008: syntax error : ,
C:\Users\zubya_kexryyq\Downloads\Irvine\irvine\SmallWin.inc(421): error A2008: syntax error : ,
C:\Users\zubya_kexryyq\Downloads\Irvine\irvine\SmallWin.inc(428): error A2008: syntax error : ,
C:\Users\zubya_kexryyq\Downloads\Irvine\irvine\SmallWin.inc(434): error A2008: syntax error : ,
C:\Users\zubya_kexryyq\Downloads\Irvine\irvine\SmallWin.inc(441): error A2008: syntax error : ,
C:\Users\zubya_kexryyq\Downloads\Irvine\irvine\SmallWin.inc(444): error A2008: syntax error : ,
C:\Users\zubya_kexryyq\Downloads\Irvine\irvine\SmallWin.inc(448): error A2008: syntax error : ,
C:\Users\zubya_kexryyq\Downloads\Irvine\irvine\SmallWin.inc(452): error A2008: syntax error : ,
C:\Users\zubya_kexryyq\Downloads\Irvine\irvine\SmallWin.inc(456): error A2008: syntax error : ,
C:\Users\zubya_kexryyq\Downloads\Irvine\irvine\SmallWin.inc(460): error A2008: syntax error : ,
C:\Users\zubya_kexryyq\Downloads\Irvine\irvine\SmallWin.inc(464): error A2008: syntax error : ,
C:\Users\zubya_kexryyq\Downloads\Irvine\irvine\SmallWin.inc(467): error A2008: syntax error : ,
C:\Users\zubya_kexryyq\Downloads\Irvine\irvine\SmallWin.inc(472): error A2008: syntax error : ,
C:\Users\zubya_kexryyq\Downloads\Irvine\irvine\SmallWin.inc(478): error A2008: syntax error : ,
C:\Users\zubya_kexryyq\Downloads\Irvine\irvine\SmallWin.inc(481): error A2008: syntax error : ,
C:\Users\zubya_kexryyq\Downloads\Irvine\irvine\SmallWin.inc(484): error A2008: syntax error : ,
C:\Users\zubya_kexryyq\Downloads\Irvine\irvine\SmallWin.inc(488): error A2008: syntax error : ,
C:\Users\zubya_kexryyq\Downloads\Irvine\irvine\SmallWin.inc(495): error A2008: syntax error : ,
C:\Users\zubya_kexryyq\Downloads\Irvine\irvine\SmallWin.inc(502): error A2008: syntax error : ,
C:\Users\zubya_kexryyq\Downloads\Irvine\irvine\SmallWin.inc(509): error A2008: syntax error : ,
C:\Users\zubya_kexryyq\Downloads\Irvine\irvine\SmallWin.inc(516): error A2008: syntax error : near
C:\Users\zubya_kexryyq\Downloads\Irvine\irvine\irvine32.inc(22): error A2008: syntax error : ,
C:\Users\zubya_kexryyq\Downloads\Irvine\irvine\irvine32.inc(66): error A2008: syntax error : ,
C:\Users\zubya_kexryyq\Downloads\Irvine\irvine\irvine32.inc(71): error A2008: syntax error : ,
C:\Users\zubya_kexryyq\Downloads\Irvine\irvine\irvine32.inc(76): error A2008: syntax error : ,
C:\Users\zubya_kexryyq\Downloads\Irvine\irvine\irvine32.inc(82): error A2008: syntax error : ,
C:\Users\zubya_kexryyq\Downloads\Irvine\irvine\irvine32.inc(87): error A2008: syntax error : ,
C:\Users\zubya_kexryyq\Downloads\Irvine\irvine\irvine32.inc(93): error A2008: syntax error : ,
C:\Users\zubya_kexryyq\Downloads\Irvine\irvine\irvine32.inc(99): error A2008: syntax error : ,
Source.asm(36): error A2008: syntax error : INVOKE
Source.asm(39): error A2008: syntax error : eax
Source.asm(62): fatal error A1010: unmatched block nesting : Find_Multiples
C:\Program Files\Microsoft Visual Studio\2022\Community\MSBuild\Microsoft\VC\v170\BuildCustomizations\masm.targets(70,5): error MSB3721: The command "ml64.exe /c /nologo /Zi /Fo"x64\Debug\Source.obj" /I "C:\Users\zubya_kexryyq\Downloads\Irvine\irvine" /W3 /errorReport:prompt  /TaSource.asm" exited with code 1.
